The target system is: Android - 21 - x86_64
The host system is: Linux - 5.16.18-1-MANJARO - x86_64
Compiling the C compiler identification source file "CMakeCCompilerId.c" succeeded.
Compiler: /home/miracle-/Android/Sdk/ndk/24.0.8215888/toolchains/llvm/prebuilt/linux-x86_64/bin/clang 
Build flags: 
Id flags: -c;--target=x86_64-none-linux-android21 

The output was:
0


Compilation of the C compiler identification source "CMakeCCompilerId.c" produced "CMakeCCompilerId.o"

The C compiler identification is Clang, found in "/home/miracle-/Projects/libs/mbedtls/build/x86_64/CMakeFiles/3.23.0/CompilerIdC/CMakeCCompilerId.o"

Detecting C compiler ABI info compiled with the following output:
Change Dir: /home/miracle-/Projects/libs/mbedtls/build/x86_64/CMakeFiles/CMakeTmp

Run Build Command(s):/usr/bin/make -f Makefile cmTC_1f873/fast && /usr/bin/make  -f CMakeFiles/cmTC_1f873.dir/build.make CMakeFiles/cmTC_1f873.dir/build
make[1]: Entering directory '/home/miracle-/Projects/libs/mbedtls/build/x86_64/CMakeFiles/CMakeTmp'
Building C object CMakeFiles/cmTC_1f873.dir/CMakeCCompilerABI.c.o
/home/miracle-/Android/Sdk/ndk/24.0.8215888/toolchains/llvm/prebuilt/linux-x86_64/bin/clang --target=x86_64-none-linux-android21 --sysroot=/home/miracle-/Android/Sdk/ndk/24.0.8215888/toolchains/llvm/prebuilt/linux-x86_64/sysroot   -DANDROID -fdata-sections -ffunction-sections -funwind-tables -fstack-protector-strong -no-canonical-prefixes -D_FORTIFY_SOURCE=2 -Wformat -fexceptions  -O2 -g -DNDEBUG -fPIE   -v -MD -MT CMakeFiles/cmTC_1f873.dir/CMakeCCompilerABI.c.o -MF CMakeFiles/cmTC_1f873.dir/CMakeCCompilerABI.c.o.d -o CMakeFiles/cmTC_1f873.dir/CMakeCCompilerABI.c.o -c /usr/share/cmake/Modules/CMakeCCompilerABI.c
Android (8075178, based on r437112b) clang version 14.0.1 (https://android.googlesource.com/toolchain/llvm-project 8671348b81b95fc603505dfc881b45103bee1731)
Target: x86_64-none-linux-android21
Thread model: posix
InstalledDir: /home/miracle-/Android/Sdk/ndk/24.0.8215888/toolchains/llvm/prebuilt/linux-x86_64/bin
 (in-process)
 "/home/miracle-/Android/Sdk/ndk/24.0.8215888/toolchains/llvm/prebuilt/linux-x86_64/bin/clang" -cc1 -triple x86_64-none-linux-android21 -emit-obj --mrelax-relocations -mnoexecstack -disable-free -disable-llvm-verifier -discard-value-names -main-file-name CMakeCCompilerABI.c -mrelocation-model pic -pic-level 2 -pic-is-pie -mframe-pointer=none -fno-rounding-math -mconstructor-aliases -munwind-tables -target-cpu x86-64 -target-feature +sse4.2 -target-feature +popcnt -target-feature +cx16 -tune-cpu generic -debug-info-kind=constructor -dwarf-version=4 -debugger-tuning=gdb -v -ffunction-sections -fdata-sections -fcoverage-compilation-dir=/home/miracle-/Projects/libs/mbedtls/build/x86_64/CMakeFiles/CMakeTmp -resource-dir /home/miracle-/Android/Sdk/ndk/24.0.8215888/toolchains/llvm/prebuilt/linux-x86_64/lib64/clang/14.0.1 -dependency-file CMakeFiles/cmTC_1f873.dir/CMakeCCompilerABI.c.o.d -MT CMakeFiles/cmTC_1f873.dir/CMakeCCompilerABI.c.o -sys-header-deps -D ANDROID -D _FORTIFY_SOURCE=2 -D NDEBUG -isysroot /home/miracle-/Android/Sdk/ndk/24.0.8215888/toolchains/llvm/prebuilt/linux-x86_64/sysroot -internal-isystem /home/miracle-/Android/Sdk/ndk/24.0.8215888/toolchains/llvm/prebuilt/linux-x86_64/lib64/clang/14.0.1/include -internal-isystem /home/miracle-/Android/Sdk/ndk/24.0.8215888/toolchains/llvm/prebuilt/linux-x86_64/sysroot/usr/local/include -internal-externc-isystem /home/miracle-/Android/Sdk/ndk/24.0.8215888/toolchains/llvm/prebuilt/linux-x86_64/sysroot/usr/include/x86_64-linux-android -internal-externc-isystem /home/miracle-/Android/Sdk/ndk/24.0.8215888/toolchains/llvm/prebuilt/linux-x86_64/sysroot/include -internal-externc-isystem /home/miracle-/Android/Sdk/ndk/24.0.8215888/toolchains/llvm/prebuilt/linux-x86_64/sysroot/usr/include -O2 -Wformat -fdebug-compilation-dir=/home/miracle-/Projects/libs/mbedtls/build/x86_64/CMakeFiles/CMakeTmp -ferror-limit 19 -stack-protector 2 -fgnuc-version=4.2.1 -fexceptions -vectorize-loops -vectorize-slp -D__GCC_HAVE_DWARF2_CFI_ASM=1 -o CMakeFiles/cmTC_1f873.dir/CMakeCCompilerABI.c.o -x c /usr/share/cmake/Modules/CMakeCCompilerABI.c
clang -cc1 version 14.0.1 based upon LLVM 14.0.1git default target x86_64-unknown-linux-gnu
ignoring nonexistent directory "/home/miracle-/Android/Sdk/ndk/24.0.8215888/toolchains/llvm/prebuilt/linux-x86_64/sysroot/include"
#include "..." search starts here:
#include <...> search starts here:
 /home/miracle-/Android/Sdk/ndk/24.0.8215888/toolchains/llvm/prebuilt/linux-x86_64/lib64/clang/14.0.1/include
 /home/miracle-/Android/Sdk/ndk/24.0.8215888/toolchains/llvm/prebuilt/linux-x86_64/sysroot/usr/local/include
 /home/miracle-/Android/Sdk/ndk/24.0.8215888/toolchains/llvm/prebuilt/linux-x86_64/sysroot/usr/include/x86_64-linux-android
 /home/miracle-/Android/Sdk/ndk/24.0.8215888/toolchains/llvm/prebuilt/linux-x86_64/sysroot/usr/include
End of search list.
Linking C executable cmTC_1f873
/usr/bin/cmake -E cmake_link_script CMakeFiles/cmTC_1f873.dir/link.txt --verbose=1
/home/miracle-/Android/Sdk/ndk/24.0.8215888/toolchains/llvm/prebuilt/linux-x86_64/bin/clang --target=x86_64-none-linux-android21 --sysroot=/home/miracle-/Android/Sdk/ndk/24.0.8215888/toolchains/llvm/prebuilt/linux-x86_64/sysroot -DANDROID -fdata-sections -ffunction-sections -funwind-tables -fstack-protector-strong -no-canonical-prefixes -D_FORTIFY_SOURCE=2 -Wformat -fexceptions  -O2 -g -DNDEBUG -Wl,--build-id=sha1 -Wl,--no-rosegment -Wl,--fatal-warnings -Qunused-arguments -Wl,--no-undefined  -Wl,--gc-sections -v CMakeFiles/cmTC_1f873.dir/CMakeCCompilerABI.c.o -o cmTC_1f873   -latomic -lm 
Android (8075178, based on r437112b) clang version 14.0.1 (https://android.googlesource.com/toolchain/llvm-project 8671348b81b95fc603505dfc881b45103bee1731)
Target: x86_64-none-linux-android21
Thread model: posix
InstalledDir: /home/miracle-/Android/Sdk/ndk/24.0.8215888/toolchains/llvm/prebuilt/linux-x86_64/bin
 "/home/miracle-/Android/Sdk/ndk/24.0.8215888/toolchains/llvm/prebuilt/linux-x86_64/bin/ld" --sysroot=/home/miracle-/Android/Sdk/ndk/24.0.8215888/toolchains/llvm/prebuilt/linux-x86_64/sysroot -pie -z noexecstack --warn-shared-textrel -z now -z relro --hash-style=both --enable-new-dtags --eh-frame-hdr -m elf_x86_64 -dynamic-linker /system/bin/linker64 -o cmTC_1f873 /home/miracle-/Android/Sdk/ndk/24.0.8215888/toolchains/llvm/prebuilt/linux-x86_64/sysroot/usr/lib/x86_64-linux-android/21/crtbegin_dynamic.o -L/home/miracle-/Android/Sdk/ndk/24.0.8215888/toolchains/llvm/prebuilt/linux-x86_64/lib64/clang/14.0.1/lib/linux/x86_64 -L/home/miracle-/Android/Sdk/ndk/24.0.8215888/toolchains/llvm/prebuilt/linux-x86_64/sysroot/usr/lib/x86_64-linux-android/21 -L/home/miracle-/Android/Sdk/ndk/24.0.8215888/toolchains/llvm/prebuilt/linux-x86_64/sysroot/usr/lib/x86_64-linux-android -L/home/miracle-/Android/Sdk/ndk/24.0.8215888/toolchains/llvm/prebuilt/linux-x86_64/sysroot/usr/lib --build-id=sha1 --no-rosegment --fatal-warnings --no-undefined --gc-sections CMakeFiles/cmTC_1f873.dir/CMakeCCompilerABI.c.o -latomic -lm /home/miracle-/Android/Sdk/ndk/24.0.8215888/toolchains/llvm/prebuilt/linux-x86_64/lib64/clang/14.0.1/lib/linux/libclang_rt.builtins-x86_64-android.a -l:libunwind.a -ldl -lc /home/miracle-/Android/Sdk/ndk/24.0.8215888/toolchains/llvm/prebuilt/linux-x86_64/lib64/clang/14.0.1/lib/linux/libclang_rt.builtins-x86_64-android.a -l:libunwind.a -ldl /home/miracle-/Android/Sdk/ndk/24.0.8215888/toolchains/llvm/prebuilt/linux-x86_64/sysroot/usr/lib/x86_64-linux-android/21/crtend_android.o
make[1]: Leaving directory '/home/miracle-/Projects/libs/mbedtls/build/x86_64/CMakeFiles/CMakeTmp'



Parsed C implicit include dir info from above output: rv=done
  found start of include info
  found start of implicit include info
    add: [/home/miracle-/Android/Sdk/ndk/24.0.8215888/toolchains/llvm/prebuilt/linux-x86_64/lib64/clang/14.0.1/include]
    add: [/home/miracle-/Android/Sdk/ndk/24.0.8215888/toolchains/llvm/prebuilt/linux-x86_64/sysroot/usr/local/include]
    add: [/home/miracle-/Android/Sdk/ndk/24.0.8215888/toolchains/llvm/prebuilt/linux-x86_64/sysroot/usr/include/x86_64-linux-android]
    add: [/home/miracle-/Android/Sdk/ndk/24.0.8215888/toolchains/llvm/prebuilt/linux-x86_64/sysroot/usr/include]
  end of search list found
  collapse include dir [/home/miracle-/Android/Sdk/ndk/24.0.8215888/toolchains/llvm/prebuilt/linux-x86_64/lib64/clang/14.0.1/include] ==> [/home/miracle-/Android/Sdk/ndk/24.0.8215888/toolchains/llvm/prebuilt/linux-x86_64/lib64/clang/14.0.1/include]
  collapse include dir [/home/miracle-/Android/Sdk/ndk/24.0.8215888/toolchains/llvm/prebuilt/linux-x86_64/sysroot/usr/local/include] ==> [/home/miracle-/Android/Sdk/ndk/24.0.8215888/toolchains/llvm/prebuilt/linux-x86_64/sysroot/usr/local/include]
  collapse include dir [/home/miracle-/Android/Sdk/ndk/24.0.8215888/toolchains/llvm/prebuilt/linux-x86_64/sysroot/usr/include/x86_64-linux-android] ==> [/home/miracle-/Android/Sdk/ndk/24.0.8215888/toolchains/llvm/prebuilt/linux-x86_64/sysroot/usr/include/x86_64-linux-android]
  collapse include dir [/home/miracle-/Android/Sdk/ndk/24.0.8215888/toolchains/llvm/prebuilt/linux-x86_64/sysroot/usr/include] ==> [/home/miracle-/Android/Sdk/ndk/24.0.8215888/toolchains/llvm/prebuilt/linux-x86_64/sysroot/usr/include]
  implicit include dirs: [/home/miracle-/Android/Sdk/ndk/24.0.8215888/toolchains/llvm/prebuilt/linux-x86_64/lib64/clang/14.0.1/include;/home/miracle-/Android/Sdk/ndk/24.0.8215888/toolchains/llvm/prebuilt/linux-x86_64/sysroot/usr/local/include;/home/miracle-/Android/Sdk/ndk/24.0.8215888/toolchains/llvm/prebuilt/linux-x86_64/sysroot/usr/include/x86_64-linux-android;/home/miracle-/Android/Sdk/ndk/24.0.8215888/toolchains/llvm/prebuilt/linux-x86_64/sysroot/usr/include]


Parsed C implicit link information from above output:
  link line regex: [^( *|.*[/\])(ld\.lld|CMAKE_LINK_STARTFILE-NOTFOUND|([^/\]+-)?ld|collect2)[^/\]*( |$)]
  ignore line: [Change Dir: /home/miracle-/Projects/libs/mbedtls/build/x86_64/CMakeFiles/CMakeTmp]
  ignore line: []
  ignore line: [Run Build Command(s):/usr/bin/make -f Makefile cmTC_1f873/fast && /usr/bin/make  -f CMakeFiles/cmTC_1f873.dir/build.make CMakeFiles/cmTC_1f873.dir/build]
  ignore line: [make[1]: Entering directory '/home/miracle-/Projects/libs/mbedtls/build/x86_64/CMakeFiles/CMakeTmp']
  ignore line: [Building C object CMakeFiles/cmTC_1f873.dir/CMakeCCompilerABI.c.o]
  ignore line: [/home/miracle-/Android/Sdk/ndk/24.0.8215888/toolchains/llvm/prebuilt/linux-x86_64/bin/clang --target=x86_64-none-linux-android21 --sysroot=/home/miracle-/Android/Sdk/ndk/24.0.8215888/toolchains/llvm/prebuilt/linux-x86_64/sysroot   -DANDROID -fdata-sections -ffunction-sections -funwind-tables -fstack-protector-strong -no-canonical-prefixes -D_FORTIFY_SOURCE=2 -Wformat -fexceptions  -O2 -g -DNDEBUG -fPIE   -v -MD -MT CMakeFiles/cmTC_1f873.dir/CMakeCCompilerABI.c.o -MF CMakeFiles/cmTC_1f873.dir/CMakeCCompilerABI.c.o.d -o CMakeFiles/cmTC_1f873.dir/CMakeCCompilerABI.c.o -c /usr/share/cmake/Modules/CMakeCCompilerABI.c]
  ignore line: [Android (8075178  based on r437112b) clang version 14.0.1 (https://android.googlesource.com/toolchain/llvm-project 8671348b81b95fc603505dfc881b45103bee1731)]
  ignore line: [Target: x86_64-none-linux-android21]
  ignore line: [Thread model: posix]
  ignore line: [InstalledDir: /home/miracle-/Android/Sdk/ndk/24.0.8215888/toolchains/llvm/prebuilt/linux-x86_64/bin]
  ignore line: [ (in-process)]
  ignore line: [ "/home/miracle-/Android/Sdk/ndk/24.0.8215888/toolchains/llvm/prebuilt/linux-x86_64/bin/clang" -cc1 -triple x86_64-none-linux-android21 -emit-obj --mrelax-relocations -mnoexecstack -disable-free -disable-llvm-verifier -discard-value-names -main-file-name CMakeCCompilerABI.c -mrelocation-model pic -pic-level 2 -pic-is-pie -mframe-pointer=none -fno-rounding-math -mconstructor-aliases -munwind-tables -target-cpu x86-64 -target-feature +sse4.2 -target-feature +popcnt -target-feature +cx16 -tune-cpu generic -debug-info-kind=constructor -dwarf-version=4 -debugger-tuning=gdb -v -ffunction-sections -fdata-sections -fcoverage-compilation-dir=/home/miracle-/Projects/libs/mbedtls/build/x86_64/CMakeFiles/CMakeTmp -resource-dir /home/miracle-/Android/Sdk/ndk/24.0.8215888/toolchains/llvm/prebuilt/linux-x86_64/lib64/clang/14.0.1 -dependency-file CMakeFiles/cmTC_1f873.dir/CMakeCCompilerABI.c.o.d -MT CMakeFiles/cmTC_1f873.dir/CMakeCCompilerABI.c.o -sys-header-deps -D ANDROID -D _FORTIFY_SOURCE=2 -D NDEBUG -isysroot /home/miracle-/Android/Sdk/ndk/24.0.8215888/toolchains/llvm/prebuilt/linux-x86_64/sysroot -internal-isystem /home/miracle-/Android/Sdk/ndk/24.0.8215888/toolchains/llvm/prebuilt/linux-x86_64/lib64/clang/14.0.1/include -internal-isystem /home/miracle-/Android/Sdk/ndk/24.0.8215888/toolchains/llvm/prebuilt/linux-x86_64/sysroot/usr/local/include -internal-externc-isystem /home/miracle-/Android/Sdk/ndk/24.0.8215888/toolchains/llvm/prebuilt/linux-x86_64/sysroot/usr/include/x86_64-linux-android -internal-externc-isystem /home/miracle-/Android/Sdk/ndk/24.0.8215888/toolchains/llvm/prebuilt/linux-x86_64/sysroot/include -internal-externc-isystem /home/miracle-/Android/Sdk/ndk/24.0.8215888/toolchains/llvm/prebuilt/linux-x86_64/sysroot/usr/include -O2 -Wformat -fdebug-compilation-dir=/home/miracle-/Projects/libs/mbedtls/build/x86_64/CMakeFiles/CMakeTmp -ferror-limit 19 -stack-protector 2 -fgnuc-version=4.2.1 -fexceptions -vectorize-loops -vectorize-slp -D__GCC_HAVE_DWARF2_CFI_ASM=1 -o CMakeFiles/cmTC_1f873.dir/CMakeCCompilerABI.c.o -x c /usr/share/cmake/Modules/CMakeCCompilerABI.c]
  ignore line: [clang -cc1 version 14.0.1 based upon LLVM 14.0.1git default target x86_64-unknown-linux-gnu]
  ignore line: [ignoring nonexistent directory "/home/miracle-/Android/Sdk/ndk/24.0.8215888/toolchains/llvm/prebuilt/linux-x86_64/sysroot/include"]
  ignore line: [#include "..." search starts here:]
  ignore line: [#include <...> search starts here:]
  ignore line: [ /home/miracle-/Android/Sdk/ndk/24.0.8215888/toolchains/llvm/prebuilt/linux-x86_64/lib64/clang/14.0.1/include]
  ignore line: [ /home/miracle-/Android/Sdk/ndk/24.0.8215888/toolchains/llvm/prebuilt/linux-x86_64/sysroot/usr/local/include]
  ignore line: [ /home/miracle-/Android/Sdk/ndk/24.0.8215888/toolchains/llvm/prebuilt/linux-x86_64/sysroot/usr/include/x86_64-linux-android]
  ignore line: [ /home/miracle-/Android/Sdk/ndk/24.0.8215888/toolchains/llvm/prebuilt/linux-x86_64/sysroot/usr/include]
  ignore line: [End of search list.]
  ignore line: [Linking C executable cmTC_1f873]
  ignore line: [/usr/bin/cmake -E cmake_link_script CMakeFiles/cmTC_1f873.dir/link.txt --verbose=1]
  ignore line: [/home/miracle-/Android/Sdk/ndk/24.0.8215888/toolchains/llvm/prebuilt/linux-x86_64/bin/clang --target=x86_64-none-linux-android21 --sysroot=/home/miracle-/Android/Sdk/ndk/24.0.8215888/toolchains/llvm/prebuilt/linux-x86_64/sysroot -DANDROID -fdata-sections -ffunction-sections -funwind-tables -fstack-protector-strong -no-canonical-prefixes -D_FORTIFY_SOURCE=2 -Wformat -fexceptions  -O2 -g -DNDEBUG -Wl --build-id=sha1 -Wl --no-rosegment -Wl --fatal-warnings -Qunused-arguments -Wl --no-undefined  -Wl --gc-sections -v CMakeFiles/cmTC_1f873.dir/CMakeCCompilerABI.c.o -o cmTC_1f873   -latomic -lm ]
  ignore line: [Android (8075178  based on r437112b) clang version 14.0.1 (https://android.googlesource.com/toolchain/llvm-project 8671348b81b95fc603505dfc881b45103bee1731)]
  ignore line: [Target: x86_64-none-linux-android21]
  ignore line: [Thread model: posix]
  ignore line: [InstalledDir: /home/miracle-/Android/Sdk/ndk/24.0.8215888/toolchains/llvm/prebuilt/linux-x86_64/bin]
  link line: [ "/home/miracle-/Android/Sdk/ndk/24.0.8215888/toolchains/llvm/prebuilt/linux-x86_64/bin/ld" --sysroot=/home/miracle-/Android/Sdk/ndk/24.0.8215888/toolchains/llvm/prebuilt/linux-x86_64/sysroot -pie -z noexecstack --warn-shared-textrel -z now -z relro --hash-style=both --enable-new-dtags --eh-frame-hdr -m elf_x86_64 -dynamic-linker /system/bin/linker64 -o cmTC_1f873 /home/miracle-/Android/Sdk/ndk/24.0.8215888/toolchains/llvm/prebuilt/linux-x86_64/sysroot/usr/lib/x86_64-linux-android/21/crtbegin_dynamic.o -L/home/miracle-/Android/Sdk/ndk/24.0.8215888/toolchains/llvm/prebuilt/linux-x86_64/lib64/clang/14.0.1/lib/linux/x86_64 -L/home/miracle-/Android/Sdk/ndk/24.0.8215888/toolchains/llvm/prebuilt/linux-x86_64/sysroot/usr/lib/x86_64-linux-android/21 -L/home/miracle-/Android/Sdk/ndk/24.0.8215888/toolchains/llvm/prebuilt/linux-x86_64/sysroot/usr/lib/x86_64-linux-android -L/home/miracle-/Android/Sdk/ndk/24.0.8215888/toolchains/llvm/prebuilt/linux-x86_64/sysroot/usr/lib --build-id=sha1 --no-rosegment --fatal-warnings --no-undefined --gc-sections CMakeFiles/cmTC_1f873.dir/CMakeCCompilerABI.c.o -latomic -lm /home/miracle-/Android/Sdk/ndk/24.0.8215888/toolchains/llvm/prebuilt/linux-x86_64/lib64/clang/14.0.1/lib/linux/libclang_rt.builtins-x86_64-android.a -l:libunwind.a -ldl -lc /home/miracle-/Android/Sdk/ndk/24.0.8215888/toolchains/llvm/prebuilt/linux-x86_64/lib64/clang/14.0.1/lib/linux/libclang_rt.builtins-x86_64-android.a -l:libunwind.a -ldl /home/miracle-/Android/Sdk/ndk/24.0.8215888/toolchains/llvm/prebuilt/linux-x86_64/sysroot/usr/lib/x86_64-linux-android/21/crtend_android.o]
    arg [/home/miracle-/Android/Sdk/ndk/24.0.8215888/toolchains/llvm/prebuilt/linux-x86_64/bin/ld] ==> ignore
    arg [--sysroot=/home/miracle-/Android/Sdk/ndk/24.0.8215888/toolchains/llvm/prebuilt/linux-x86_64/sysroot] ==> ignore
    arg [-pie] ==> ignore
    arg [-znoexecstack] ==> ignore
    arg [--warn-shared-textrel] ==> ignore
    arg [-znow] ==> ignore
    arg [-zrelro] ==> ignore
    arg [--hash-style=both] ==> ignore
    arg [--enable-new-dtags] ==> ignore
    arg [--eh-frame-hdr] ==> ignore
    arg [-m] ==> ignore
    arg [elf_x86_64] ==> ignore
    arg [-dynamic-linker] ==> ignore
    arg [/system/bin/linker64] ==> ignore
    arg [-o] ==> ignore
    arg [cmTC_1f873] ==> ignore
    arg [/home/miracle-/Android/Sdk/ndk/24.0.8215888/toolchains/llvm/prebuilt/linux-x86_64/sysroot/usr/lib/x86_64-linux-android/21/crtbegin_dynamic.o] ==> obj [/home/miracle-/Android/Sdk/ndk/24.0.8215888/toolchains/llvm/prebuilt/linux-x86_64/sysroot/usr/lib/x86_64-linux-android/21/crtbegin_dynamic.o]
    arg [-L/home/miracle-/Android/Sdk/ndk/24.0.8215888/toolchains/llvm/prebuilt/linux-x86_64/lib64/clang/14.0.1/lib/linux/x86_64] ==> dir [/home/miracle-/Android/Sdk/ndk/24.0.8215888/toolchains/llvm/prebuilt/linux-x86_64/lib64/clang/14.0.1/lib/linux/x86_64]
    arg [-L/home/miracle-/Android/Sdk/ndk/24.0.8215888/toolchains/llvm/prebuilt/linux-x86_64/sysroot/usr/lib/x86_64-linux-android/21] ==> dir [/home/miracle-/Android/Sdk/ndk/24.0.8215888/toolchains/llvm/prebuilt/linux-x86_64/sysroot/usr/lib/x86_64-linux-android/21]
    arg [-L/home/miracle-/Android/Sdk/ndk/24.0.8215888/toolchains/llvm/prebuilt/linux-x86_64/sysroot/usr/lib/x86_64-linux-android] ==> dir [/home/miracle-/Android/Sdk/ndk/24.0.8215888/toolchains/llvm/prebuilt/linux-x86_64/sysroot/usr/lib/x86_64-linux-android]
    arg [-L/home/miracle-/Android/Sdk/ndk/24.0.8215888/toolchains/llvm/prebuilt/linux-x86_64/sysroot/usr/lib] ==> dir [/home/miracle-/Android/Sdk/ndk/24.0.8215888/toolchains/llvm/prebuilt/linux-x86_64/sysroot/usr/lib]
    arg [--build-id=sha1] ==> ignore
    arg [--no-rosegment] ==> ignore
    arg [--fatal-warnings] ==> ignore
    arg [--no-undefined] ==> ignore
    arg [--gc-sections] ==> ignore
    arg [CMakeFiles/cmTC_1f873.dir/CMakeCCompilerABI.c.o] ==> ignore
    arg [-latomic] ==> lib [atomic]
    arg [-lm] ==> lib [m]
    arg [/home/miracle-/Android/Sdk/ndk/24.0.8215888/toolchains/llvm/prebuilt/linux-x86_64/lib64/clang/14.0.1/lib/linux/libclang_rt.builtins-x86_64-android.a] ==> lib [/home/miracle-/Android/Sdk/ndk/24.0.8215888/toolchains/llvm/prebuilt/linux-x86_64/lib64/clang/14.0.1/lib/linux/libclang_rt.builtins-x86_64-android.a]
    arg [-l:libunwind.a] ==> lib [-l:libunwind.a]
    arg [-ldl] ==> lib [dl]
    arg [-lc] ==> lib [c]
    arg [/home/miracle-/Android/Sdk/ndk/24.0.8215888/toolchains/llvm/prebuilt/linux-x86_64/lib64/clang/14.0.1/lib/linux/libclang_rt.builtins-x86_64-android.a] ==> lib [/home/miracle-/Android/Sdk/ndk/24.0.8215888/toolchains/llvm/prebuilt/linux-x86_64/lib64/clang/14.0.1/lib/linux/libclang_rt.builtins-x86_64-android.a]
    arg [-l:libunwind.a] ==> lib [-l:libunwind.a]
    arg [-ldl] ==> lib [dl]
    arg [/home/miracle-/Android/Sdk/ndk/24.0.8215888/toolchains/llvm/prebuilt/linux-x86_64/sysroot/usr/lib/x86_64-linux-android/21/crtend_android.o] ==> obj [/home/miracle-/Android/Sdk/ndk/24.0.8215888/toolchains/llvm/prebuilt/linux-x86_64/sysroot/usr/lib/x86_64-linux-android/21/crtend_android.o]
  remove lib [/home/miracle-/Android/Sdk/ndk/24.0.8215888/toolchains/llvm/prebuilt/linux-x86_64/lib64/clang/14.0.1/lib/linux/libclang_rt.builtins-x86_64-android.a]
  remove lib [/home/miracle-/Android/Sdk/ndk/24.0.8215888/toolchains/llvm/prebuilt/linux-x86_64/lib64/clang/14.0.1/lib/linux/libclang_rt.builtins-x86_64-android.a]
  collapse library dir [/home/miracle-/Android/Sdk/ndk/24.0.8215888/toolchains/llvm/prebuilt/linux-x86_64/lib64/clang/14.0.1/lib/linux/x86_64] ==> [/home/miracle-/Android/Sdk/ndk/24.0.8215888/toolchains/llvm/prebuilt/linux-x86_64/lib64/clang/14.0.1/lib/linux/x86_64]
  collapse library dir [/home/miracle-/Android/Sdk/ndk/24.0.8215888/toolchains/llvm/prebuilt/linux-x86_64/sysroot/usr/lib/x86_64-linux-android/21] ==> [/home/miracle-/Android/Sdk/ndk/24.0.8215888/toolchains/llvm/prebuilt/linux-x86_64/sysroot/usr/lib/x86_64-linux-android/21]
  collapse library dir [/home/miracle-/Android/Sdk/ndk/24.0.8215888/toolchains/llvm/prebuilt/linux-x86_64/sysroot/usr/lib/x86_64-linux-android] ==> [/home/miracle-/Android/Sdk/ndk/24.0.8215888/toolchains/llvm/prebuilt/linux-x86_64/sysroot/usr/lib/x86_64-linux-android]
  collapse library dir [/home/miracle-/Android/Sdk/ndk/24.0.8215888/toolchains/llvm/prebuilt/linux-x86_64/sysroot/usr/lib] ==> [/home/miracle-/Android/Sdk/ndk/24.0.8215888/toolchains/llvm/prebuilt/linux-x86_64/sysroot/usr/lib]
  implicit libs: [atomic;m;-l:libunwind.a;dl;c;-l:libunwind.a;dl]
  implicit objs: [/home/miracle-/Android/Sdk/ndk/24.0.8215888/toolchains/llvm/prebuilt/linux-x86_64/sysroot/usr/lib/x86_64-linux-android/21/crtbegin_dynamic.o;/home/miracle-/Android/Sdk/ndk/24.0.8215888/toolchains/llvm/prebuilt/linux-x86_64/sysroot/usr/lib/x86_64-linux-android/21/crtend_android.o]
  implicit dirs: [/home/miracle-/Android/Sdk/ndk/24.0.8215888/toolchains/llvm/prebuilt/linux-x86_64/lib64/clang/14.0.1/lib/linux/x86_64;/home/miracle-/Android/Sdk/ndk/24.0.8215888/toolchains/llvm/prebuilt/linux-x86_64/sysroot/usr/lib/x86_64-linux-android/21;/home/miracle-/Android/Sdk/ndk/24.0.8215888/toolchains/llvm/prebuilt/linux-x86_64/sysroot/usr/lib/x86_64-linux-android;/home/miracle-/Android/Sdk/ndk/24.0.8215888/toolchains/llvm/prebuilt/linux-x86_64/sysroot/usr/lib]
  implicit fwks: []


Determining if the include file pthread.h exists passed with the following output:
Change Dir: /home/miracle-/Projects/libs/mbedtls/build/x86_64/CMakeFiles/CMakeTmp

Run Build Command(s):/usr/bin/make -f Makefile cmTC_ad022/fast && /usr/bin/make  -f CMakeFiles/cmTC_ad022.dir/build.make CMakeFiles/cmTC_ad022.dir/build
make[1]: Entering directory '/home/miracle-/Projects/libs/mbedtls/build/x86_64/CMakeFiles/CMakeTmp'
Building C object CMakeFiles/cmTC_ad022.dir/CheckIncludeFile.c.o
/home/miracle-/Android/Sdk/ndk/24.0.8215888/toolchains/llvm/prebuilt/linux-x86_64/bin/clang --target=x86_64-none-linux-android21 --sysroot=/home/miracle-/Android/Sdk/ndk/24.0.8215888/toolchains/llvm/prebuilt/linux-x86_64/sysroot   -DANDROID -fdata-sections -ffunction-sections -funwind-tables -fstack-protector-strong -no-canonical-prefixes -D_FORTIFY_SOURCE=2 -Wformat -Werror=format-security -fexceptions -Wall -Wextra -Wwrite-strings -Wpointer-arith -Wimplicit-fallthrough -Wshadow -Wvla -Wformat=2 -Wno-format-nonliteral -Werror  -O2 -g -DNDEBUG -fPIE -MD -MT CMakeFiles/cmTC_ad022.dir/CheckIncludeFile.c.o -MF CMakeFiles/cmTC_ad022.dir/CheckIncludeFile.c.o.d -o CMakeFiles/cmTC_ad022.dir/CheckIncludeFile.c.o -c /home/miracle-/Projects/libs/mbedtls/build/x86_64/CMakeFiles/CMakeTmp/CheckIncludeFile.c
Linking C executable cmTC_ad022
/usr/bin/cmake -E cmake_link_script CMakeFiles/cmTC_ad022.dir/link.txt --verbose=1
/home/miracle-/Android/Sdk/ndk/24.0.8215888/toolchains/llvm/prebuilt/linux-x86_64/bin/clang --target=x86_64-none-linux-android21 --sysroot=/home/miracle-/Android/Sdk/ndk/24.0.8215888/toolchains/llvm/prebuilt/linux-x86_64/sysroot -DANDROID -fdata-sections -ffunction-sections -funwind-tables -fstack-protector-strong -no-canonical-prefixes -D_FORTIFY_SOURCE=2 -Wformat -Werror=format-security -fexceptions -Wall -Wextra -Wwrite-strings -Wpointer-arith -Wimplicit-fallthrough -Wshadow -Wvla -Wformat=2 -Wno-format-nonliteral -Werror  -O2 -g -DNDEBUG -Wl,--build-id=sha1 -Wl,--no-rosegment -Wl,--fatal-warnings -Qunused-arguments -Wl,--no-undefined  -Wl,--gc-sections  CMakeFiles/cmTC_ad022.dir/CheckIncludeFile.c.o -o cmTC_ad022   -latomic -lm 
make[1]: Leaving directory '/home/miracle-/Projects/libs/mbedtls/build/x86_64/CMakeFiles/CMakeTmp'



